# JRE version: OpenJDK Runtime Environment (8.0_222-b10) (build 1.8.0_222-8u222-b10-1ubuntu1~18.04.1-b10)
# Java VM: OpenJDK 64-Bit Server VM (25.222-b10 mixed mode linux-amd64 compressed oops)
Heap:
 PSYoungGen      total 314880K, used 0K [0x00000000dbb80000, 0x00000000f9380000, 0x0000000100000000)
  eden space 232448K, 0% used [0x00000000dbb80000,0x00000000dbb80000,0x00000000e9e80000)
  from space 82432K, 0% used [0x00000000e9e80000,0x00000000e9e80000,0x00000000eef00000)
  to   space 96768K, 0% used [0x00000000f3500000,0x00000000f3500000,0x00000000f9380000)
 ParOldGen       total 288768K, used 228623K [0x0000000093200000, 0x00000000a4c00000, 0x00000000dbb80000)
  object space 288768K, 79% used [0x0000000093200000,0x00000000a1143ee0,0x00000000a4c00000)
 Metaspace       used 50371K, capacity 53870K, committed 53928K, reserved 1095680K
  class space    used 6726K, capacity 7552K, committed 7600K, reserved 1048576K
GC Heap History (10 events):
Event: 2.805 GC heap after
Heap after GC invocations=8 (full 1):
 PSYoungGen      total 232960K, used 10740K [0x00000000dbb80000, 0x00000000efd80000, 0x0000000100000000)
  eden space 222208K, 0% used [0x00000000dbb80000,0x00000000dbb80000,0x00000000e9480000)
  from space 10752K, 99% used [0x00000000e9480000,0x00000000e9efd3d8,0x00000000e9f00000)
  to   space 14848K, 0% used [0x00000000eef00000,0x00000000eef00000,0x00000000efd80000)
 ParOldGen       total 47104K, used 11181K [0x0000000093200000, 0x0000000096000000, 0x00000000dbb80000)
  object space 47104K, 23% used [0x0000000093200000,0x0000000093ceb6b8,0x0000000096000000)
 Metaspace       used 33499K, capacity 35360K, committed 35496K, reserved 1079296K
  class space    used 4380K, capacity 4758K, committed 4784K, reserved 1048576K
}
Event: 2.805 GC heap before
{Heap before GC invocations=9 (full 2):
 PSYoungGen      total 232960K, used 10740K [0x00000000dbb80000, 0x00000000efd80000, 0x0000000100000000)
  eden space 222208K, 0% used [0x00000000dbb80000,0x00000000dbb80000,0x00000000e9480000)
  from space 10752K, 99% used [0x00000000e9480000,0x00000000e9efd3d8,0x00000000e9f00000)
  to   space 14848K, 0% used [0x00000000eef00000,0x00000000eef00000,0x00000000efd80000)
 ParOldGen       total 47104K, used 11181K [0x0000000093200000, 0x0000000096000000, 0x00000000dbb80000)
  object space 47104K, 23% used [0x0000000093200000,0x0000000093ceb6b8,0x0000000096000000)
 Metaspace       used 33499K, capacity 35360K, committed 35496K, reserved 1079296K
  class space    used 4380K, capacity 4758K, committed 4784K, reserved 1048576K
Event: 2.868 GC heap after
Heap after GC invocations=9 (full 2):
 PSYoungGen      total 232960K, used 0K [0x00000000dbb80000, 0x00000000efd80000, 0x0000000100000000)
  eden space 222208K, 0% used [0x00000000dbb80000,0x00000000dbb80000,0x00000000e9480000)
  from space 10752K, 0% used [0x00000000e9480000,0x00000000e9480000,0x00000000e9f00000)
  to   space 14848K, 0% used [0x00000000eef00000,0x00000000eef00000,0x00000000efd80000)
 ParOldGen       total 79872K, used 20228K [0x0000000093200000, 0x0000000098000000, 0x00000000dbb80000)
  object space 79872K, 25% used [0x0000000093200000,0x00000000945c13f0,0x0000000098000000)
 Metaspace       used 33499K, capacity 35360K, committed 35496K, reserved 1079296K
  class space    used 4380K, capacity 4758K, committed 4784K, reserved 1048576K
}
Event: 3.823 GC heap before
{Heap before GC invocations=10 (full 2):
 PSYoungGen      total 232960K, used 222208K [0x00000000dbb80000, 0x00000000efd80000, 0x0000000100000000)
  eden space 222208K, 100% used [0x00000000dbb80000,0x00000000e9480000,0x00000000e9480000)
  from space 10752K, 0% used [0x00000000e9480000,0x00000000e9480000,0x00000000e9f00000)
  to   space 14848K, 0% used [0x00000000eef00000,0x00000000eef00000,0x00000000efd80000)
 ParOldGen       total 79872K, used 20228K [0x0000000093200000, 0x0000000098000000, 0x00000000dbb80000)
  object space 79872K, 25% used [0x0000000093200000,0x00000000945c13f0,0x0000000098000000)
 Metaspace       used 45623K, capacity 48594K, committed 48808K, reserved 1091584K
  class space    used 6063K, capacity 6797K, committed 6832K, reserved 1048576K
Event: 3.880 GC heap after
Heap after GC invocations=10 (full 2):
 PSYoungGen      total 247296K, used 14840K [0x00000000dbb80000, 0x00000000fb000000, 0x0000000100000000)
  eden space 232448K, 0% used [0x00000000dbb80000,0x00000000dbb80000,0x00000000e9e80000)
  from space 14848K, 99% used [0x00000000eef00000,0x00000000efd7e1b8,0x00000000efd80000)
  to   space 82432K, 0% used [0x00000000e9e80000,0x00000000e9e80000,0x00000000eef00000)
 ParOldGen       total 181248K, used 170299K [0x0000000093200000, 0x000000009e300000, 0x00000000dbb80000)
  object space 181248K, 93% used [0x0000000093200000,0x000000009d84ec10,0x000000009e300000)
 Metaspace       used 45623K, capacity 48594K, committed 48808K, reserved 1091584K
  class space    used 6063K, capacity 6797K, committed 6832K, reserved 1048576K
}
Event: 3.880 GC heap before
{Heap before GC invocations=11 (full 3):
 PSYoungGen      total 247296K, used 14840K [0x00000000dbb80000, 0x00000000fb000000, 0x0000000100000000)
  eden space 232448K, 0% used [0x00000000dbb80000,0x00000000dbb80000,0x00000000e9e80000)
  from space 14848K, 99% used [0x00000000eef00000,0x00000000efd7e1b8,0x00000000efd80000)
  to   space 82432K, 0% used [0x00000000e9e80000,0x00000000e9e80000,0x00000000eef00000)
 ParOldGen       total 181248K, used 170299K [0x0000000093200000, 0x000000009e300000, 0x00000000dbb80000)
  object space 181248K, 93% used [0x0000000093200000,0x000000009d84ec10,0x000000009e300000)
 Metaspace       used 45623K, capacity 48594K, committed 48808K, reserved 1091584K
  class space    used 6063K, capacity 6797K, committed 6832K, reserved 1048576K
Event: 3.965 GC heap after
Heap after GC invocations=11 (full 3):
 PSYoungGen      total 247296K, used 0K [0x00000000dbb80000, 0x00000000fb000000, 0x0000000100000000)
  eden space 232448K, 0% used [0x00000000dbb80000,0x00000000dbb80000,0x00000000e9e80000)
  from space 14848K, 0% used [0x00000000eef00000,0x00000000eef00000,0x00000000efd80000)
  to   space 82432K, 0% used [0x00000000e9e80000,0x00000000e9e80000,0x00000000eef00000)
 ParOldGen       total 254976K, used 113956K [0x0000000093200000, 0x00000000a2b00000, 0x00000000dbb80000)
  object space 254976K, 44% used [0x0000000093200000,0x000000009a1493d0,0x00000000a2b00000)
 Metaspace       used 45623K, capacity 48594K, committed 48808K, reserved 1091584K
  class space    used 6063K, capacity 6797K, committed 6832K, reserved 1048576K
}
Event: 43.423 GC heap before
{Heap before GC invocations=12 (full 3):
 PSYoungGen      total 247296K, used 227226K [0x00000000dbb80000, 0x00000000fb000000, 0x0000000100000000)
  eden space 232448K, 97% used [0x00000000dbb80000,0x00000000e9966b90,0x00000000e9e80000)
  from space 14848K, 0% used [0x00000000eef00000,0x00000000eef00000,0x00000000efd80000)
  to   space 82432K, 0% used [0x00000000e9e80000,0x00000000e9e80000,0x00000000eef00000)
 ParOldGen       total 254976K, used 113956K [0x0000000093200000, 0x00000000a2b00000, 0x00000000dbb80000)
  object space 254976K, 44% used [0x0000000093200000,0x000000009a1493d0,0x00000000a2b00000)
 Metaspace       used 50371K, capacity 53870K, committed 53928K, reserved 1095680K
  class space    used 6726K, capacity 7552K, committed 7600K, reserved 1048576K
Event: 43.562 GC heap after
Heap after GC invocations=12 (full 3):
 PSYoungGen      total 314880K, used 76722K [0x00000000dbb80000, 0x00000000f9380000, 0x0000000100000000)
  eden space 232448K, 0% used [0x00000000dbb80000,0x00000000dbb80000,0x00000000e9e80000)
  from space 82432K, 93% used [0x00000000e9e80000,0x00000000ee96c840,0x00000000eef00000)
  to   space 96768K, 0% used [0x00000000f3500000,0x00000000f3500000,0x00000000f9380000)
 ParOldGen       total 288768K, used 277805K [0x0000000093200000, 0x00000000a4c00000, 0x00000000dbb80000)
  object space 288768K, 96% used [0x0000000093200000,0x00000000a414b470,0x00000000a4c00000)
 Metaspace       used 50371K, capacity 53870K, committed 53928K, reserved 1095680K
  class space    used 6726K, capacity 7552K, committed 7600K, reserved 1048576K
}
Event: 43.563 GC heap before
{Heap before GC invocations=13 (full 4):
 PSYoungGen      total 314880K, used 76722K [0x00000000dbb80000, 0x00000000f9380000, 0x0000000100000000)
  eden space 232448K, 0% used [0x00000000dbb80000,0x00000000dbb80000,0x00000000e9e80000)
  from space 82432K, 93% used [0x00000000e9e80000,0x00000000ee96c840,0x00000000eef00000)
  to   space 96768K, 0% used [0x00000000f3500000,0x00000000f3500000,0x00000000f9380000)
 ParOldGen       total 288768K, used 277805K [0x0000000093200000, 0x00000000a4c00000, 0x00000000dbb80000)
  object space 288768K, 96% used [0x0000000093200000,0x00000000a414b470,0x00000000a4c00000)
 Metaspace       used 50371K, capacity 53870K, committed 53928K, reserved 1095680K
  class space    used 6726K, capacity 7552K, committed 7600K, reserved 1048576K

